<?xml version="1.0" encoding="UTF-8"?>
<!-- Generated by org.testng.reporters.JUnitXMLReporter -->
<testsuite ignored="0" hostname="SOOMIN-SAC-217" failures="0" tests="3" name="Default test" time="12.325" errors="0" timestamp="30 Aug 2022 20:01:47 GMT">
  <testcase classname="wdTestNG.HomePageTest" name="Test1" time="0.006"/>
  <testcase classname="wdTestNG.SimplilearnLoginTest" name="NegativeTest" time="2.295"/>
  <testcase classname="wdTestNG.SimplilearnLoginTest" name="PositiveTest" time="1.542"/>
</testsuite> <!-- Default test -->
