<?xml version="1.0" encoding="UTF-8"?>
<!-- Generated by org.testng.reporters.JUnitXMLReporter -->
<testsuite ignored="2" hostname="SOOMIN-SAC-217" failures="0" tests="2" name="Test" time="0.032" errors="0" timestamp="30 Aug 2022 19:09:46 GMT">
  <testcase classname="testNG.LoanTest" name="PersonalLoanTest1" time="0.008"/>
  <testcase classname="testNG.AccountTest" name="CheckingAccountTest1" time="0.001"/>
  <testcase classname="testNG.AccountTest" name="SavingAccountTest1" time="0.0">
    <ignored/>
  </testcase> <!-- SavingAccountTest1 -->
  <testcase classname="testNG.AccountTest" name="SavingAccountTest2" time="0.0">
    <ignored/>
  </testcase> <!-- SavingAccountTest2 -->
</testsuite> <!-- Test -->
