<?xml version="1.0" encoding="UTF-8"?>
<!-- Generated by org.testng.reporters.JUnitXMLReporter -->
<testsuite ignored="0" hostname="SOOMIN-SAC-217" failures="0" tests="3" name="Test" time="15.816" errors="0" timestamp="30 Aug 2022 20:29:37 GMT">
  <testcase classname="wdTestNG.SimplilearnLoginTest" name="NegativeTest" time="4.712"/>
  <testcase classname="wdTestNG.SimplilearnLoginTest" name="PositiveTest" time="2.281"/>
  <testcase classname="wdTestNG.HomePageTest" name="Test1" time="0.001"/>
</testsuite> <!-- Test -->
