<?xml version="1.0" encoding="UTF-8"?>
<testng-results ignored="0" total="3" passed="3" failed="0" skipped="0">
  <reporter-output>
  </reporter-output>
  <suite started-at="2022-08-30T20:01:34Z" name="Default suite" finished-at="2022-08-30T20:01:47Z" duration-ms="12325">
    <groups>
    </groups>
    <test started-at="2022-08-30T20:01:34Z" name="Default test" finished-at="2022-08-30T20:01:47Z" duration-ms="12325">
      <class name="wdTestNG.HomePageTest">
        <test-method is-config="true" signature="SetUp()[pri:0, instance:wdTestNG.HomePageTest@7674b62c]" started-at="2022-08-30T20:01:34Z" name="SetUp" finished-at="2022-08-30T20:01:37Z" duration-ms="2093" status="PASS">
          <reporter-output>
          </reporter-output>
        </test-method> <!-- SetUp -->
        <test-method signature="Test1()[pri:0, instance:wdTestNG.HomePageTest@7674b62c]" started-at="2022-08-30T20:01:37Z" name="Test1" finished-at="2022-08-30T20:01:37Z" duration-ms="6" status="PASS">
          <reporter-output>
          </reporter-output>
        </test-method> <!-- Test1 -->
        <test-method is-config="true" signature="TearDown()[pri:0, instance:wdTestNG.HomePageTest@7674b62c]" started-at="2022-08-30T20:01:37Z" name="TearDown" finished-at="2022-08-30T20:01:37Z" duration-ms="291" status="PASS">
          <reporter-output>
          </reporter-output>
        </test-method> <!-- TearDown -->
      </class> <!-- wdTestNG.HomePageTest -->
      <class name="wdTestNG.SimplilearnLoginTest">
        <test-method is-config="true" signature="SetUp()[pri:0, instance:wdTestNG.SimplilearnLoginTest@19e7a160]" started-at="2022-08-30T20:01:37Z" name="SetUp" finished-at="2022-08-30T20:01:39Z" duration-ms="1793" status="PASS">
          <reporter-output>
          </reporter-output>
        </test-method> <!-- SetUp -->
        <test-method signature="NegativeTest()[pri:0, instance:wdTestNG.SimplilearnLoginTest@19e7a160]" started-at="2022-08-30T20:01:39Z" name="NegativeTest" finished-at="2022-08-30T20:01:41Z" duration-ms="2295" status="PASS">
          <reporter-output>
          </reporter-output>
        </test-method> <!-- NegativeTest -->
        <test-method is-config="true" signature="TearDown()[pri:0, instance:wdTestNG.SimplilearnLoginTest@19e7a160]" started-at="2022-08-30T20:01:41Z" name="TearDown" finished-at="2022-08-30T20:01:43Z" duration-ms="2405" status="PASS">
          <reporter-output>
          </reporter-output>
        </test-method> <!-- TearDown -->
        <test-method is-config="true" signature="SetUp()[pri:0, instance:wdTestNG.SimplilearnLoginTest@19e7a160]" started-at="2022-08-30T20:01:43Z" name="SetUp" finished-at="2022-08-30T20:01:45Z" duration-ms="1757" status="PASS">
          <reporter-output>
          </reporter-output>
        </test-method> <!-- SetUp -->
        <test-method signature="PositiveTest()[pri:0, instance:wdTestNG.SimplilearnLoginTest@19e7a160]" started-at="2022-08-30T20:01:45Z" name="PositiveTest" finished-at="2022-08-30T20:01:47Z" duration-ms="1542" status="PASS">
          <reporter-output>
          </reporter-output>
        </test-method> <!-- PositiveTest -->
        <test-method is-config="true" signature="TearDown()[pri:0, instance:wdTestNG.SimplilearnLoginTest@19e7a160]" started-at="2022-08-30T20:01:47Z" name="TearDown" finished-at="2022-08-30T20:01:47Z" duration-ms="117" status="PASS">
          <reporter-output>
          </reporter-output>
        </test-method> <!-- TearDown -->
      </class> <!-- wdTestNG.SimplilearnLoginTest -->
    </test> <!-- Default test -->
  </suite> <!-- Default suite -->
</testng-results>
